<?xml version="1.0" encoding="UTF-8"?>
<!-- Generated by org.testng.reporters.JUnitXMLReporter -->
<testsuite hostname="LAPTOP-NH5V4N3E" ignored="0" name="Default test" tests="4" failures="0" timestamp="11 May 2022 09:19:29 GMT" time="96.857" errors="0">
  <testcase name="loginPageTitleTest" time="0.101" classname="com.cpcTechnoSolutions.qa.testCases.LoginPageTest"/>
  <testcase name="CPClogoImageTest" time="0.402" classname="com.cpcTechnoSolutions.qa.testCases.LoginPageTest"/>
  <testcase name="RememberMeClick" time="1.315" classname="com.cpcTechnoSolutions.qa.testCases.LoginPageTest"/>
  <testcase name="loginTest" time="10.837" classname="com.cpcTechnoSolutions.qa.testCases.LoginPageTest"/>
</testsuite> <!-- Default test -->
