<?xml version="1.0" encoding="UTF-8"?>
<!-- Generated by org.testng.reporters.JUnitXMLReporter -->
<testsuite hostname="LAPTOP-NH5V4N3E" ignored="0" name="CPC TechnoSolution Automation Test Cases" tests="4" failures="0" timestamp="25 Feb 2022 09:27:40 GMT" time="65.926" errors="0">
  <testcase name="loginPageTitleTest" time="0.078" classname="com.cpcTechnoSolutions.qa.testCases.LoginPageTest"/>
  <testcase name="CPClogoImageTest" time="0.416" classname="com.cpcTechnoSolutions.qa.testCases.LoginPageTest"/>
  <testcase name="RememberMeClick" time="0.233" classname="com.cpcTechnoSolutions.qa.testCases.LoginPageTest"/>
  <testcase name="loginTest" time="10.589" classname="com.cpcTechnoSolutions.qa.testCases.LoginPageTest"/>
</testsuite> <!-- CPC TechnoSolution Automation Test Cases -->
