<?xml version="1.0" encoding="UTF-8"?>
<!-- Generated by org.testng.reporters.JUnitXMLReporter -->
<testsuite hostname="LAPTOP-NH5V4N3E" ignored="0" name="CPC TechnoSolution Automation Test Cases 3" tests="5" failures="0" timestamp="28 Mar 2022 09:07:53 GMT" time="158.625" errors="0">
  <testcase name="validateEmployeePageTitleTest" time="0.06" classname="com.cpcTechnoSolutions.qa.testCases.EmployeesPageTest"/>
  <testcase name="validateListOfEmployeeTest" time="0.452" classname="com.cpcTechnoSolutions.qa.testCases.EmployeesPageTest"/>
  <testcase name="validateEmployeeSearchTest" time="0.547" classname="com.cpcTechnoSolutions.qa.testCases.EmployeesPageTest"/>
  <testcase name="validateEmployeeDropdown" time="0.835" classname="com.cpcTechnoSolutions.qa.testCases.EmployeesPageTest"/>
  <testcase name="validateEmployeeDashboard" time="1.882" classname="com.cpcTechnoSolutions.qa.testCases.EmployeesPageTest"/>
</testsuite> <!-- CPC TechnoSolution Automation Test Cases 3 -->
