<?xml version="1.0" encoding="UTF-8"?>
<!-- Generated by org.testng.reporters.JUnitXMLReporter -->
<testsuite hostname="LAPTOP-NH5V4N3E" ignored="0" name="CPC TechnoSolution Automation Test Cases 2" tests="7" failures="0" timestamp="28 Mar 2022 09:05:14 GMT" time="216.502" errors="0">
  <testcase name="validateHomePageTitleTest" time="0.136" classname="com.cpcTechnoSolutions.qa.testCases.HomePageTest"/>
  <testcase name="validateDashboardNameTest" time="0.345" classname="com.cpcTechnoSolutions.qa.testCases.HomePageTest"/>
  <testcase name="ValidateChangePassword" time="1.128" classname="com.cpcTechnoSolutions.qa.testCases.HomePageTest"/>
  <testcase name="ValidateEmployeesLinkTest" time="2.535" classname="com.cpcTechnoSolutions.qa.testCases.HomePageTest"/>
  <testcase name="validateClientsLinkTest" time="2.916" classname="com.cpcTechnoSolutions.qa.testCases.HomePageTest"/>
  <testcase name="validateProjectsLinkTest" time="2.685" classname="com.cpcTechnoSolutions.qa.testCases.HomePageTest"/>
  <testcase name="clickOnAdmin" time="0.808" classname="com.cpcTechnoSolutions.qa.testCases.HomePageTest"/>
</testsuite> <!-- CPC TechnoSolution Automation Test Cases 2 -->
