<?xml version="1.0" encoding="UTF-8"?>
<!-- Generated by org.testng.reporters.JUnitXMLReporter -->
<testsuite hostname="LAPTOP-NH5V4N3E" ignored="0" name="CPC TechnoSolution Automation Test Cases 1" tests="4" failures="0" timestamp="28 Mar 2022 09:01:37 GMT" time="0.189" errors="0">
  <testcase name="@AfterMethod tearDown" time="0.002" classname="com.cpcTechnoSolutions.qa.testCases.LoginPageTest">
    <failure type="java.lang.NullPointerException">
      <![CDATA[java.lang.NullPointerException
at com.cpcTechnoSolutions.qa.testCases.LoginPageTest.tearDown(LoginPageTest.java:78)
... Removed 28 stack frames]]>
    </failure>
  </testcase> <!-- @AfterMethod tearDown -->
  <testcase name="@AfterMethod tearDown" time="0.0" classname="com.cpcTechnoSolutions.qa.testCases.LoginPageTest">
    <skipped/>
  </testcase> <!-- @AfterMethod tearDown -->
  <testcase name="@AfterMethod tearDown" time="0.0" classname="com.cpcTechnoSolutions.qa.testCases.LoginPageTest">
    <skipped/>
  </testcase> <!-- @AfterMethod tearDown -->
  <testcase name="@AfterMethod tearDown" time="0.0" classname="com.cpcTechnoSolutions.qa.testCases.LoginPageTest">
    <skipped/>
  </testcase> <!-- @AfterMethod tearDown -->
  <testcase name="loginTestData" time="0.028" classname="com.cpcTechnoSolutions.qa.testCases.LoginPageTest"/>
  <testcase name="loginTestData" time="0.0" classname="com.cpcTechnoSolutions.qa.testCases.LoginPageTest">
    <skipped/>
  </testcase> <!-- loginTestData -->
  <testcase name="loginTestData" time="0.0" classname="com.cpcTechnoSolutions.qa.testCases.LoginPageTest">
    <skipped/>
  </testcase> <!-- loginTestData -->
  <testcase name="loginTestData" time="0.0" classname="com.cpcTechnoSolutions.qa.testCases.LoginPageTest">
    <skipped/>
  </testcase> <!-- loginTestData -->
</testsuite> <!-- CPC TechnoSolution Automation Test Cases 1 -->
